<?xml version="1.0" encoding="UTF-8"?>
<testsuite xmlns:xsi="http://www.w3.org/2001/XMLSchema-instance" xsi:noNamespaceSchemaLocation="https://maven.apache.org/surefire/maven-surefire-plugin/xsd/surefire-test-report-3.0.xsd" version="3.0" name="edu.eci.cvds.CategoriaTest" time="3.621" tests="6" errors="0" skipped="0" failures="0">
  <properties>
[...]
</properties>
  <testcase name="noDeberiaRegistrarCategoriasRepetidas" classname="edu.eci.cvds.CategoriaTest" time="1.826">
    <system-err><![CDATA[SLF4J: Failed to load class "org.slf4j.impl.StaticLoggerBinder".
SLF4J: Defaulting to no-operation (NOP) logger implementation
SLF4J: See http://www.slf4j.org/codes.html#StaticLoggerBinder for further details.
edu.eci.cvds.samples.services.SolidaridadException: Error al insertar la categoria 
	at edu.eci.cvds.sampleprj.dao.mybatis.MyBatisCategoriasDAO.save(MyBatisCategoriasDAO.java:21)
	at edu.eci.cvds.samples.services.impl.CategoriasServiceImpl.registrarCategoria(CategoriasServiceImpl.java:21)
	at edu.eci.cvds.CategoriaTest.noDeberiaRegistrarCategoriasRepetidas(CategoriaTest.java:55)
	at java.base/jdk.internal.reflect.NativeMethodAccessorImpl.invoke0(Native Method)
	at java.base/jdk.internal.reflect.NativeMethodAccessorImpl.invoke(NativeMethodAccessorImpl.java:62)
	at java.base/jdk.internal.reflect.DelegatingMethodAccessorImpl.invoke(DelegatingMethodAccessorImpl.java:43)
	at java.base/java.lang.reflect.Method.invoke(Method.java:566)
	at org.junit.runners.model.FrameworkMethod$1.runReflectiveCall(FrameworkMethod.java:47)
	at org.junit.internal.runners.model.ReflectiveCallable.run(ReflectiveCallable.java:12)
	at org.junit.runners.model.FrameworkMethod.invokeExplosively(FrameworkMethod.java:44)
	at org.junit.internal.runners.statements.InvokeMethod.evaluate(InvokeMethod.java:17)
	at org.junit.runners.ParentRunner.runLeaf(ParentRunner.java:271)
	at org.junit.runners.BlockJUnit4ClassRunner.runChild(BlockJUnit4ClassRunner.java:70)
	at org.junit.runners.BlockJUnit4ClassRunner.runChild(BlockJUnit4ClassRunner.java:50)
	at org.junit.runners.ParentRunner$3.run(ParentRunner.java:238)
	at org.junit.runners.ParentRunner$1.schedule(ParentRunner.java:63)
	at org.junit.runners.ParentRunner.runChildren(ParentRunner.java:236)
	at org.junit.runners.ParentRunner.access$000(ParentRunner.java:53)
	at org.junit.runners.ParentRunner$2.evaluate(ParentRunner.java:229)
	at org.junit.runners.ParentRunner.run(ParentRunner.java:309)
	at org.apache.maven.surefire.junit4.JUnit4Provider.execute(JUnit4Provider.java:364)
	at org.apache.maven.surefire.junit4.JUnit4Provider.executeWithRerun(JUnit4Provider.java:272)
	at org.apache.maven.surefire.junit4.JUnit4Provider.executeTestSet(JUnit4Provider.java:237)
	at org.apache.maven.surefire.junit4.JUnit4Provider.invoke(JUnit4Provider.java:158)
	at org.apache.maven.surefire.booter.ForkedBooter.runSuitesInProcess(ForkedBooter.java:428)
	at org.apache.maven.surefire.booter.ForkedBooter.execute(ForkedBooter.java:162)
	at org.apache.maven.surefire.booter.ForkedBooter.run(ForkedBooter.java:562)
	at org.apache.maven.surefire.booter.ForkedBooter.main(ForkedBooter.java:548)
Caused by: org.apache.ibatis.exceptions.PersistenceException: 
### Error updating database.  Cause: org.postgresql.util.PSQLException: ERROR: duplicate key value violates unique constraint "categorias_nombre_key"
  Detail: Key (nombre)=(Ecuaciones Diferenciales) already exists.
### The error may involve edu.eci.cvds.sampleprj.dao.mybatis.mappers.CategoriaMapper.insertarCategoria-Inline
### The error occurred while setting parameters
### SQL: insert into categorias(idcategoria,nombre,descripcion,fechacreacion,estado,fechamodificacion) values         (?,?,?,?,          ?,?)
### Cause: org.postgresql.util.PSQLException: ERROR: duplicate key value violates unique constraint "categorias_nombre_key"
  Detail: Key (nombre)=(Ecuaciones Diferenciales) already exists.
	at org.apache.ibatis.exceptions.ExceptionFactory.wrapException(ExceptionFactory.java:30)
	at org.apache.ibatis.session.defaults.DefaultSqlSession.update(DefaultSqlSession.java:200)
	at org.apache.ibatis.session.defaults.DefaultSqlSession.insert(DefaultSqlSession.java:185)
	at java.base/jdk.internal.reflect.NativeMethodAccessorImpl.invoke0(Native Method)
	at java.base/jdk.internal.reflect.NativeMethodAccessorImpl.invoke(NativeMethodAccessorImpl.java:62)
	at java.base/jdk.internal.reflect.DelegatingMethodAccessorImpl.invoke(DelegatingMethodAccessorImpl.java:43)
	at java.base/java.lang.reflect.Method.invoke(Method.java:566)
	at org.apache.ibatis.session.SqlSessionManager$SqlSessionInterceptor.invoke(SqlSessionManager.java:357)
	at com.sun.proxy.$Proxy16.insert(Unknown Source)
	at org.apache.ibatis.session.SqlSessionManager.insert(SqlSessionManager.java:236)
	at org.apache.ibatis.binding.MapperMethod.execute(MapperMethod.java:57)
	at org.apache.ibatis.binding.MapperProxy.invoke(MapperProxy.java:59)
	at com.sun.proxy.$Proxy17.insertarCategoria(Unknown Source)
	at edu.eci.cvds.sampleprj.dao.mybatis.MyBatisCategoriasDAO.save(MyBatisCategoriasDAO.java:19)
	... 27 more
Caused by: org.postgresql.util.PSQLException: ERROR: duplicate key value violates unique constraint "categorias_nombre_key"
  Detail: Key (nombre)=(Ecuaciones Diferenciales) already exists.
	at org.postgresql.core.v3.QueryExecutorImpl.receiveErrorResponse(QueryExecutorImpl.java:2412)
	at org.postgresql.core.v3.QueryExecutorImpl.processResults(QueryExecutorImpl.java:2125)
	at org.postgresql.core.v3.QueryExecutorImpl.execute(QueryExecutorImpl.java:297)
	at org.postgresql.jdbc.PgStatement.executeInternal(PgStatement.java:428)
	at org.postgresql.jdbc.PgStatement.execute(PgStatement.java:354)
	at org.postgresql.jdbc.PgPreparedStatement.executeWithFlags(PgPreparedStatement.java:169)
	at org.postgresql.jdbc.PgPreparedStatement.execute(PgPreparedStatement.java:158)
	at org.apache.ibatis.executor.statement.PreparedStatementHandler.update(PreparedStatementHandler.java:46)
	at org.apache.ibatis.executor.statement.RoutingStatementHandler.update(RoutingStatementHandler.java:74)
	at org.apache.ibatis.executor.SimpleExecutor.doUpdate(SimpleExecutor.java:50)
	at org.apache.ibatis.executor.BaseExecutor.update(BaseExecutor.java:117)
	at org.apache.ibatis.executor.CachingExecutor.update(CachingExecutor.java:76)
	at org.apache.ibatis.session.defaults.DefaultSqlSession.update(DefaultSqlSession.java:198)
	... 39 more
]]></system-err>
  </testcase>
  <testcase name="deberiaConsultarCategorias" classname="edu.eci.cvds.CategoriaTest" time="0.194">
    <system-out><![CDATA[[Categoria{idCategoria=9, nombre=Jillene, descripcion=Nondisp fx of distal phalanx of left thumb, init for clos fx, estado=Cerrada}
, Categoria{idCategoria=aea5c069-b07f-435a-86b4-bbc19014499b, nombre=Calculo Diferencial, descripcion=Estudiar Calculo diferencial, estado=Activa}
, Categoria{idCategoria=2, nombre=Diferencial, descripcion=Hola, estado=Cerrada}
, Categoria{idCategoria=1, nombre=Integral, descripcion=Hola, estado=Resuelta}
, Categoria{idCategoria=4, nombre=Ecuaciones, descripcion=Hola, estado=Resuelta}
, Categoria{idCategoria=10, nombre=Programacion, descripcion=Hola, estado=Activa}
, Categoria{idCategoria=84fda751-7d98-4f8d-bcf9-dced9dea8ef2, nombre=CVDS, descripcion=Ciclos, estado=Activa}
, Categoria{idCategoria=5, nombre=POOB, descripcion=Programacion, estado=Activa}
, Categoria{idCategoria=7, nombre=ARSW, descripcion=Hola funciona!!!, estado=Activa}
, Categoria{idCategoria=8, nombre=Winne, descripcion=Hypotony of right eye due to ocular fistula, estado=Resuelta}
, Categoria{idCategoria=3, nombre=Yolis, descripcion=Hola, estado=Activa}
, Categoria{idCategoria=2a241787-f369-461b-9d2e-bc495cc5f60f, nombre=Calculo integral, descripcion=Estudiar Calculo integral, estado=Activa}
, Categoria{idCategoria=6, nombre=Fiorenze, descripcion=Unsp injury of unsp quadriceps musc/fasc/tend, sequela, estado=En proceso}
, Categoria{idCategoria=605fdbbc-7d9f-4425-aec9-d97b115339c7, nombre=Prueba, descripcion=Para borrar, estado=Activa}
, Categoria{idCategoria=2c9739df-bc6b-4f1a-8336-270d5c4129d4, nombre=Ecuaciones Diferenciales, descripcion=actualizado, estado=Activa}
]
]]></system-out>
  </testcase>
  <testcase name="deberiaConsultarCategoriaEspecifica" classname="edu.eci.cvds.CategoriaTest" time="0.18"/>
  <testcase name="deberiaActualizarCategorias" classname="edu.eci.cvds.CategoriaTest" time="0.185"/>
  <testcase name="deberiaInsertarCategoria" classname="edu.eci.cvds.CategoriaTest" time="0.182"/>
  <testcase name="noDeberiaActualizarCategoriaExistente" classname="edu.eci.cvds.CategoriaTest" time="0.366"/>
</testsuite>