<?xml version="1.0" encoding="UTF-8"?>
<testsuite xmlns:xsi="http://www.w3.org/2001/XMLSchema-instance" xsi:noNamespaceSchemaLocation="https://maven.apache.org/surefire/maven-surefire-plugin/xsd/surefire-test-report-3.0.xsd" version="3.0" name="edu.eci.cvds.NecesidadTest" time="0.772" tests="4" errors="0" skipped="0" failures="0">
  <properties>
[...]
</properties>
  <testcase name="deberiaActualizarNecesidad" classname="edu.eci.cvds.NecesidadTest" time="0.204"/>
  <testcase name="deberiaRegistrarNecesidad" classname="edu.eci.cvds.NecesidadTest" time="0.183"/>
  <testcase name="deberiaConsultarNecesidadExplicita" classname="edu.eci.cvds.NecesidadTest" time="0.183"/>
  <testcase name="deberiaConsultarNecesidades" classname="edu.eci.cvds.NecesidadTest" time="0.201">
    <system-out><![CDATA[[Necesidad{idNecesidad=2,idCategoria=2, nombre=Junina, descripcion=Strain of intrinsic musc/fasc/tend finger at wrs/hnd lv, estado=Activa}
, Necesidad{idNecesidad=4,idCategoria=4, nombre=Sacha, descripcion=Toxic effect of venom of Australian snake, undet, subs, estado=En proceso}
, Necesidad{idNecesidad=5,idCategoria=5, nombre=Sephira, descripcion=Laceration of popliteal vein, unspecified leg, init encntr, estado=Resuelta}
, Necesidad{idNecesidad=6,idCategoria=6, nombre=Neilla, descripcion=Prsn brd/alit a 3-whl mv injured in nonclsn trnsp acc, init, estado=Resuelta}
, Necesidad{idNecesidad=7,idCategoria=7, nombre=Christa, descripcion=Chronic angle-closure glaucoma, unsp eye, stage unspecified, estado=Resuelta}
, Necesidad{idNecesidad=10,idCategoria=10, nombre=Seth, descripcion=Milt op w direct blast effect of nuclear weapon, milt, subs, estado=Cerrada}
, Necesidad{idNecesidad=f7183d18-50f3-4e90-829c-1c0273e75e59,idCategoria=8, nombre=Falta de perico, descripcion=sed para un cafe caliente, estado=Activa}
, Necesidad{idNecesidad=a8e16600-1933-4914-b9da-1f04a9454bc8,idCategoria=8, nombre=funcionamiento, descripcion=caliente, estado=Activa}
, Necesidad{idNecesidad=8,idCategoria=8, nombre=Flint, descripcion=Chondromalacia, unspecified shoulder, estado=Cerrada}
, Necesidad{idNecesidad=437fa7d3-f04b-4cc1-87a4-f89408ef79d3,idCategoria=1, nombre=PaPa, descripcion=Falta de de PaPa, estado=Activa}
, Necesidad{idNecesidad=22db0149-32b0-4606-b0e7-d290c2db3aa3,idCategoria=1, nombre=a, descripcion=a, estado=Cerrada}
, Necesidad{idNecesidad=1,idCategoria=1, nombre=Daffy, descripcion=Disp fx of ant wall of left acetab, subs for fx w nonunion, estado=Resuelta}
, Necesidad{idNecesidad=34af1f32-b99d-490c-b381-dfcbd6a30054,idCategoria=1, nombre=Estudiar Ecuacion, descripcion=Estudiar Ecuaciones diferenciales, estado=Resuelta}
]
]]></system-out>
  </testcase>
</testsuite>