<?xml version="1.0" encoding="UTF-8"?>
<testsuite xmlns:xsi="http://www.w3.org/2001/XMLSchema-instance" xsi:noNamespaceSchemaLocation="https://maven.apache.org/surefire/maven-surefire-plugin/xsd/surefire-test-report-3.0.xsd" version="3.0" name="edu.eci.cvds.OfertaTest" time="0.267" tests="4" errors="0" skipped="0" failures="0">
  <properties>
[...]
</properties>
  <testcase name="deberiaRegistrarOferta" classname="edu.eci.cvds.OfertaTest" time="0"/>
  <testcase name="deberiaConsultarOfertas" classname="edu.eci.cvds.OfertaTest" time="0.005">
    <system-out><![CDATA[[Oferta{idOferta=2,idCategoria= 2, nombre=Fergus, descripcion=Unspecified perichondritis of external ear, unspecified ear, estado=Activa}
, Oferta{idOferta=3,idCategoria= 3, nombre=Godiva, descripcion=Accidental kick by another person, initial encounter, estado=Activa}
, Oferta{idOferta=4,idCategoria= 4, nombre=Janessa, descripcion=Partial traumatic trnsphal amputation of r mid finger, init, estado=En proceso}
, Oferta{idOferta=5,idCategoria= 5, nombre=Kerianne, descripcion=Unsp fracture of right femur, init for opn fx type I/2, estado=En proceso}
, Oferta{idOferta=6,idCategoria= 6, nombre=Theressa, descripcion=Minor laceration of right kidney, initial encounter, estado=En proceso}
, Oferta{idOferta=8,idCategoria= 8, nombre=Maurine, descripcion=Acute actinic otitis externa, unspecified ear, estado=Resuelta}
, Oferta{idOferta=9,idCategoria= 9, nombre=Homerus, descripcion=Other and unspecified nontraumatic intracranial hemorrhage, estado=Resuelta}
, Oferta{idOferta=10,idCategoria= 10, nombre=Bunnie, descripcion=Burn of second degree of nose (septum), estado=Cerrada}
, Oferta{idOferta=5e0e031d-312f-49b1-81f8-f235e90d76a0,idCategoria= 1, nombre=Categoria1, descripcion=JAHDSJJ, estado=Activa}
, Oferta{idOferta=7,idCategoria= 7, nombre=Yoko, descripcion=Lac w fb of abd wall, right upper quadrant w penet perit cav, estado=Activa}
, Oferta{idOferta=8aa6ca4a-7a57-44a7-b316-332e0344593d,idCategoria= 7, nombre=Prueba, descripcion=Prueba, estado=Activa}
, Oferta{idOferta=e760f3c0-83fe-4e67-b5f1-234c819e3b28,idCategoria= 7, nombre=Prueba, descripcion=Prueba, estado=Activa}
, Oferta{idOferta=1,idCategoria= 1, nombre=Hernando, descripcion=Accidental malfunction of other larger firearm, init encntr, estado=Activa}
, Oferta{idOferta=2816c4d6-43b8-4c0f-a201-4b7a4288dac4,idCategoria= 1, nombre=Farmaseuticos, descripcion=medicina, estado=Activa}
, Oferta{idOferta=736fe5ae-cb39-424b-89aa-cd217fb4d1b6,idCategoria= 2, nombre=Categoria2, descripcion=ASDASDA, estado=Resuelta}
]
]]></system-out>
  </testcase>
  <testcase name="deberiaConsultarOfertaEspecifica" classname="edu.eci.cvds.OfertaTest" time="0"/>
  <testcase name="deberiaActualizarOferta" classname="edu.eci.cvds.OfertaTest" time="0.259"/>
</testsuite>