<?xml version="1.0" encoding="UTF-8"?>
<testsuite xmlns:xsi="http://www.w3.org/2001/XMLSchema-instance" xsi:noNamespaceSchemaLocation="https://maven.apache.org/surefire/maven-surefire-plugin/xsd/surefire-test-report-3.0.xsd" version="3.0" name="edu.eci.cvds.RespuestaTest" time="0.549" tests="3" errors="0" skipped="0" failures="0">
  <properties>
[...]
</properties>
  <testcase name="consultarRespuestas" classname="edu.eci.cvds.RespuestaTest" time="0.181">
    <system-out><![CDATA[[Respuesta{idNecesidad=2, nombre=prueba, comentarios=funciona, nickname=2, fechacreacion=2021-04-30}
, Respuesta{idNecesidad=1, nombre=b, comentarios=b, nickname=1, fechacreacion=2021-05-01}
, Respuesta{idNecesidad=2, nombre=probabilidad, comentarios=posible, nickname=1, fechacreacion=2021-05-12}
, Respuesta{idNecesidad=2, nombre=probabilidad, comentarios=posible, nickname=1, fechacreacion=2021-05-12}
, Respuesta{idNecesidad=null, nombre=Calculo, comentarios=Yo lo hago, nickname=1, fechacreacion=2021-05-21}
]
]]></system-out>
  </testcase>
  <testcase name="consultarRespuesta" classname="edu.eci.cvds.RespuestaTest" time="0.181"/>
  <testcase name="deberiaRegistrarRespuestas" classname="edu.eci.cvds.RespuestaTest" time="0.184"/>
</testsuite>